<?xml version="1.0" encoding="UTF-8"?>
<!-- Generated by org.testng.reporters.JUnitReportReporter -->
<testsuite hostname="DESKTOP-FFTHLO8" failures="0" tests="3" name="tests.LoginPageTest_Para" time="13.185" errors="0" timestamp="2024-02-23T20:01:08 IST" skipped="0">
  <testcase classname="tests.LoginPageTest_Para" name="enterCred" time="6.362"/>
  <testcase classname="tests.LoginPageTest_Para" name="clickPassLink" time="3.279"/>
  <testcase classname="tests.LoginPageTest_Para" name="clickChechBox" time="3.544"/>
</testsuite> <!-- tests.LoginPageTest_Para -->
